2020-04-23 10:39:05,049 - selenium - INFO - -------------------- test start --------------------
2020-04-23 10:39:05,050 - selenium - INFO - Load Web Driver Success
2020-04-23 10:39:15,260 - selenium - INFO - Set Url is: https://www.seleniumeasy.com/test/basic-select-dropdown-demo.html
2020-04-23 10:39:15,266 - selenium - INFO - Set Implicitly Wait: 3
2020-04-23 10:39:15,327 - selenium - INFO - Set Browser Max
2020-04-23 10:39:15,346 - selenium - INFO - Clear All Cookies
2020-04-23 10:39:15,347 - selenium - INFO - Open Excel
2020-04-23 10:39:15,444 - selenium - INFO - id Query Element: multi-select
2020-04-23 10:39:15,520 - selenium - INFO - Deselect All Element
2020-04-23 10:39:15,784 - selenium - INFO - Select Element Value
2020-04-23 10:39:15,791 - selenium - INFO - id Query Element: printMe
2020-04-23 10:39:16,001 - selenium - INFO - Element Click
2020-04-23 10:39:16,007 - selenium - INFO - class Query Element: getall-selected
2020-04-23 10:39:16,007 - selenium - INFO - Get Element Text
2020-04-23 10:39:19,025 - selenium - INFO - Set Sleep Time is: 3
2020-04-23 10:39:20,979 - selenium - INFO - Close Browser
2020-04-23 10:39:20,979 - selenium - INFO - -------------------- test end --------------------
2020-04-23 10:42:25,229 - selenium - INFO - -------------------- test start --------------------
2020-04-23 10:42:25,229 - selenium - INFO - Load Web Driver Success
2020-04-23 10:42:46,256 - selenium - INFO - Set Url is: https://www.seleniumeasy.com/test/basic-checkbox-demo.html
2020-04-23 10:42:46,266 - selenium - INFO - Set Implicitly Wait: 3
2020-04-23 10:42:46,341 - selenium - INFO - Set Browser Max
2020-04-23 10:42:46,349 - selenium - INFO - Clear All Cookies
2020-04-23 10:42:46,419 - selenium - INFO - id Query Element: isAgeSelected
2020-04-23 10:42:46,659 - selenium - INFO - Element Click
2020-04-23 10:42:46,659 - selenium - INFO - Element is Select
2020-04-23 10:42:46,783 - selenium - INFO - Screenshot Image
2020-04-23 10:42:49,783 - selenium - INFO - Set Sleep Time is: 3
2020-04-23 10:42:51,113 - selenium - INFO - Quit Browser
2020-04-23 10:42:51,113 - selenium - INFO - -------------------- test end --------------------
2020-04-26 10:20:35,181 - selenium - INFO - -------------------- test start --------------------
2020-04-26 10:20:35,190 - selenium - INFO - Load Web Driver Success
2020-04-26 10:20:42,435 - selenium - INFO - Set Url is: https://www.seleniumeasy.com/test/javascript-alert-box-demo.html
2020-04-26 10:20:42,436 - selenium - INFO - Set Implicitly Wait: 3
2020-04-26 10:20:43,545 - selenium - INFO - Set Browser Max
2020-04-26 10:20:43,989 - selenium - INFO - Clear All Cookies
2020-04-26 10:20:44,052 - selenium - INFO - xpath Query Element: //*[@id='easycont']/div/div[2]/div[1]/div[2]/button
2020-04-26 10:20:44,122 - selenium - INFO - Element Click
2020-04-26 10:20:44,124 - selenium - INFO - Get Alert Text: I am an alert box!
2020-04-26 10:20:44,127 - selenium - INFO - Alert Accept
2020-04-26 10:20:44,361 - selenium - INFO - Screenshot Image
2020-04-26 10:20:47,362 - selenium - INFO - Set Sleep Time is: 3
2020-04-26 10:20:49,961 - selenium - INFO - Quit Browser
2020-04-26 10:20:49,961 - selenium - INFO - -------------------- test end --------------------
2020-04-26 10:20:52,030 - selenium - INFO - -------------------- test start --------------------
2020-04-26 10:20:52,030 - selenium - INFO - Load Web Driver Success
2020-04-26 10:20:59,181 - selenium - INFO - Set Url is: https://www.seleniumeasy.com/test/javascript-alert-box-demo.html
2020-04-26 10:20:59,182 - selenium - INFO - Set Implicitly Wait: 3
2020-04-26 10:21:00,290 - selenium - INFO - Set Browser Max
2020-04-26 10:21:00,545 - selenium - INFO - Clear All Cookies
2020-04-26 10:21:00,560 - selenium - INFO - xpath Query Element: //*[@id='easycont']/div/div[2]/div[3]/div[2]/button
2020-04-26 10:21:00,605 - selenium - INFO - Element Click
2020-04-26 10:21:00,609 - selenium - INFO - Input Alert Text: hello selenium
2020-04-26 10:21:00,617 - selenium - INFO - Alert Accept
2020-04-26 10:21:00,639 - selenium - INFO - id Query Element: prompt-demo
2020-04-26 10:21:00,639 - selenium - INFO - Get Element Text
2020-04-26 10:21:00,899 - selenium - INFO - Screenshot Image
2020-04-26 10:21:03,900 - selenium - INFO - Set Sleep Time is: 3
2020-04-26 10:21:06,505 - selenium - INFO - Quit Browser
2020-04-26 10:21:06,505 - selenium - INFO - -------------------- test end --------------------
2020-04-26 10:21:08,561 - selenium - INFO - -------------------- test start --------------------
2020-04-26 10:21:08,561 - selenium - INFO - Load Web Driver Success
2020-04-26 10:21:12,809 - selenium - INFO - Set Url is: https://www.seleniumeasy.com/test/javascript-alert-box-demo.html
2020-04-26 10:21:12,811 - selenium - INFO - Set Implicitly Wait: 3
2020-04-26 10:21:13,920 - selenium - INFO - Set Browser Max
2020-04-26 10:21:14,194 - selenium - INFO - Clear All Cookies
2020-04-26 10:21:14,208 - selenium - INFO - xpath Query Element: //*[@id='easycont']/div/div[2]/div[2]/div[2]/button
2020-04-26 10:21:14,247 - selenium - INFO - Element Click
2020-04-26 10:21:14,251 - selenium - INFO - Alert Accept
2020-04-26 10:21:14,266 - selenium - INFO - id Query Element: confirm-demo
2020-04-26 10:21:14,266 - selenium - INFO - Get Element Text
2020-04-26 10:21:14,512 - selenium - INFO - Screenshot Image
2020-04-26 10:21:14,521 - selenium - INFO - xpath Query Element: //*[@id='easycont']/div/div[2]/div[2]/div[2]/button
2020-04-26 10:21:14,540 - selenium - INFO - Element Click
2020-04-26 10:21:14,542 - selenium - INFO - Alert Dismiss
2020-04-26 10:21:14,551 - selenium - INFO - id Query Element: confirm-demo
2020-04-26 10:21:14,552 - selenium - INFO - Get Element Text
2020-04-26 10:21:14,806 - selenium - INFO - Screenshot Image
2020-04-26 10:21:17,806 - selenium - INFO - Set Sleep Time is: 3
2020-04-26 10:21:20,372 - selenium - INFO - Quit Browser
2020-04-26 10:21:20,372 - selenium - INFO - -------------------- test end --------------------
2020-04-26 10:21:22,443 - selenium - INFO - -------------------- test start --------------------
2020-04-26 10:21:22,443 - selenium - INFO - Load Web Driver Success
2020-04-26 10:21:29,806 - selenium - INFO - Set Url is: https://www.seleniumeasy.com/test/basic-checkbox-demo.html
2020-04-26 10:21:29,808 - selenium - INFO - Set Implicitly Wait: 3
2020-04-26 10:21:30,914 - selenium - INFO - Set Browser Max
2020-04-26 10:21:31,170 - selenium - INFO - Clear All Cookies
2020-04-26 10:21:31,182 - selenium - INFO - css Query Element: input[type=checkbox]
2020-04-26 10:21:36,646 - selenium - INFO - Screenshot Image
2020-04-26 10:21:39,647 - selenium - INFO - Set Sleep Time is: 3
2020-04-26 10:21:42,184 - selenium - INFO - Quit Browser
2020-04-26 10:21:42,184 - selenium - INFO - -------------------- test end --------------------
2020-04-26 10:21:44,267 - selenium - INFO - -------------------- test start --------------------
2020-04-26 10:21:44,268 - selenium - INFO - Load Web Driver Success
2020-04-26 10:21:49,115 - selenium - INFO - Set Url is: https://www.seleniumeasy.com/test/basic-checkbox-demo.html
2020-04-26 10:21:49,117 - selenium - INFO - Set Implicitly Wait: 3
2020-04-26 10:21:50,225 - selenium - INFO - Set Browser Max
2020-04-26 10:21:50,469 - selenium - INFO - Clear All Cookies
2020-04-26 10:21:50,480 - selenium - INFO - id Query Element: isAgeSelected
2020-04-26 10:21:50,523 - selenium - INFO - Element Click
2020-04-26 10:21:50,523 - selenium - INFO - Element is Select
2020-04-26 10:21:50,782 - selenium - INFO - Screenshot Image
2020-04-26 10:21:53,782 - selenium - INFO - Set Sleep Time is: 3
2020-04-26 10:21:56,358 - selenium - INFO - Quit Browser
2020-04-26 10:21:56,358 - selenium - INFO - -------------------- test end --------------------
2020-04-26 10:21:58,377 - selenium - INFO - -------------------- test start --------------------
2020-04-26 10:21:58,377 - selenium - INFO - Load Web Driver Success
2020-04-26 10:22:05,333 - selenium - INFO - Set Url is: https://www.seleniumeasy.com/test/basic-radiobutton-demo.html
2020-04-26 10:22:05,336 - selenium - INFO - Set Implicitly Wait: 3
2020-04-26 10:22:06,443 - selenium - INFO - Set Browser Max
2020-04-26 10:22:06,786 - selenium - INFO - Clear All Cookies
2020-04-26 10:22:06,787 - selenium - INFO - Open Excel
2020-04-26 10:22:06,888 - selenium - INFO - name Query Element: gender
2020-04-26 10:22:06,900 - selenium - INFO - name Query Element: ageGroup
2020-04-26 10:22:06,900 - selenium - INFO - Get Element Attribute
2020-04-26 10:22:06,943 - selenium - INFO - Element Click
2020-04-26 10:22:06,943 - selenium - INFO - Get Element Attribute
2020-04-26 10:22:06,950 - selenium - INFO - Get Element Attribute
2020-04-26 10:22:06,987 - selenium - INFO - Element Click
2020-04-26 10:22:06,988 - selenium - INFO - Get Element Attribute
2020-04-26 10:22:06,995 - selenium - INFO - Get Element Attribute
2020-04-26 10:22:07,024 - selenium - INFO - xpath Query Element: //*[@id='easycont']/div/div[2]/div[2]/div[2]/button
2020-04-26 10:22:07,076 - selenium - INFO - Element Click
2020-04-26 10:22:07,099 - selenium - INFO - class Query Element: groupradiobutton
2020-04-26 10:22:07,099 - selenium - INFO - Get Element Text
2020-04-26 10:22:07,357 - selenium - INFO - Screenshot Image
2020-04-26 10:22:07,366 - selenium - INFO - name Query Element: gender
2020-04-26 10:22:07,375 - selenium - INFO - name Query Element: ageGroup
2020-04-26 10:22:07,375 - selenium - INFO - Get Element Attribute
2020-04-26 10:22:07,407 - selenium - INFO - Element Click
2020-04-26 10:22:07,408 - selenium - INFO - Get Element Attribute
2020-04-26 10:22:07,412 - selenium - INFO - Get Element Attribute
2020-04-26 10:22:07,418 - selenium - INFO - Get Element Attribute
2020-04-26 10:22:07,460 - selenium - INFO - Element Click
2020-04-26 10:22:07,461 - selenium - INFO - Get Element Attribute
2020-04-26 10:22:07,474 - selenium - INFO - xpath Query Element: //*[@id='easycont']/div/div[2]/div[2]/div[2]/button
2020-04-26 10:22:07,502 - selenium - INFO - Element Click
2020-04-26 10:22:07,509 - selenium - INFO - class Query Element: groupradiobutton
2020-04-26 10:22:07,509 - selenium - INFO - Get Element Text
2020-04-26 10:22:07,756 - selenium - INFO - Screenshot Image
2020-04-26 10:22:07,764 - selenium - INFO - name Query Element: gender
2020-04-26 10:22:07,772 - selenium - INFO - name Query Element: ageGroup
2020-04-26 10:22:07,772 - selenium - INFO - Get Element Attribute
2020-04-26 10:22:07,801 - selenium - INFO - Element Click
2020-04-26 10:22:07,801 - selenium - INFO - Get Element Attribute
2020-04-26 10:22:07,805 - selenium - INFO - Get Element Attribute
2020-04-26 10:22:07,809 - selenium - INFO - Get Element Attribute
2020-04-26 10:22:07,813 - selenium - INFO - Get Element Attribute
2020-04-26 10:22:07,852 - selenium - INFO - Element Click
2020-04-26 10:22:07,858 - selenium - INFO - xpath Query Element: //*[@id='easycont']/div/div[2]/div[2]/div[2]/button
2020-04-26 10:22:07,883 - selenium - INFO - Element Click
2020-04-26 10:22:07,889 - selenium - INFO - class Query Element: groupradiobutton
2020-04-26 10:22:07,889 - selenium - INFO - Get Element Text
2020-04-26 10:22:08,122 - selenium - INFO - Screenshot Image
2020-04-26 10:22:08,129 - selenium - INFO - name Query Element: gender
2020-04-26 10:22:08,137 - selenium - INFO - name Query Element: ageGroup
2020-04-26 10:22:08,137 - selenium - INFO - Get Element Attribute
2020-04-26 10:22:08,141 - selenium - INFO - Get Element Attribute
2020-04-26 10:22:08,178 - selenium - INFO - Element Click
2020-04-26 10:22:08,178 - selenium - INFO - Get Element Attribute
2020-04-26 10:22:08,209 - selenium - INFO - Element Click
2020-04-26 10:22:08,209 - selenium - INFO - Get Element Attribute
2020-04-26 10:22:08,213 - selenium - INFO - Get Element Attribute
2020-04-26 10:22:08,225 - selenium - INFO - xpath Query Element: //*[@id='easycont']/div/div[2]/div[2]/div[2]/button
2020-04-26 10:22:08,251 - selenium - INFO - Element Click
2020-04-26 10:22:08,257 - selenium - INFO - class Query Element: groupradiobutton
2020-04-26 10:22:08,257 - selenium - INFO - Get Element Text
2020-04-26 10:22:08,489 - selenium - INFO - Screenshot Image
2020-04-26 10:22:08,497 - selenium - INFO - name Query Element: gender
2020-04-26 10:22:08,505 - selenium - INFO - name Query Element: ageGroup
2020-04-26 10:22:08,505 - selenium - INFO - Get Element Attribute
2020-04-26 10:22:08,509 - selenium - INFO - Get Element Attribute
2020-04-26 10:22:08,537 - selenium - INFO - Element Click
2020-04-26 10:22:08,537 - selenium - INFO - Get Element Attribute
2020-04-26 10:22:08,540 - selenium - INFO - Get Element Attribute
2020-04-26 10:22:08,567 - selenium - INFO - Element Click
2020-04-26 10:22:08,567 - selenium - INFO - Get Element Attribute
2020-04-26 10:22:08,577 - selenium - INFO - xpath Query Element: //*[@id='easycont']/div/div[2]/div[2]/div[2]/button
2020-04-26 10:22:08,601 - selenium - INFO - Element Click
2020-04-26 10:22:08,609 - selenium - INFO - class Query Element: groupradiobutton
2020-04-26 10:22:08,609 - selenium - INFO - Get Element Text
2020-04-26 10:22:08,856 - selenium - INFO - Screenshot Image
2020-04-26 10:22:08,865 - selenium - INFO - name Query Element: gender
2020-04-26 10:22:08,873 - selenium - INFO - name Query Element: ageGroup
2020-04-26 10:22:08,873 - selenium - INFO - Get Element Attribute
2020-04-26 10:22:08,877 - selenium - INFO - Get Element Attribute
2020-04-26 10:22:08,904 - selenium - INFO - Element Click
2020-04-26 10:22:08,904 - selenium - INFO - Get Element Attribute
2020-04-26 10:22:08,908 - selenium - INFO - Get Element Attribute
2020-04-26 10:22:08,911 - selenium - INFO - Get Element Attribute
2020-04-26 10:22:08,941 - selenium - INFO - Element Click
2020-04-26 10:22:08,951 - selenium - INFO - xpath Query Element: //*[@id='easycont']/div/div[2]/div[2]/div[2]/button
2020-04-26 10:22:08,973 - selenium - INFO - Element Click
2020-04-26 10:22:08,979 - selenium - INFO - class Query Element: groupradiobutton
2020-04-26 10:22:08,979 - selenium - INFO - Get Element Text
2020-04-26 10:22:09,222 - selenium - INFO - Screenshot Image
2020-04-26 10:22:12,222 - selenium - INFO - Set Sleep Time is: 3
2020-04-26 10:22:14,991 - selenium - INFO - Quit Browser
2020-04-26 10:22:14,991 - selenium - INFO - -------------------- test end --------------------
2020-04-26 10:22:17,058 - selenium - INFO - -------------------- test start --------------------
2020-04-26 10:22:17,058 - selenium - INFO - Load Web Driver Success
2020-04-26 10:22:23,315 - selenium - INFO - Set Url is: https://www.seleniumeasy.com/test/basic-radiobutton-demo.html
2020-04-26 10:22:23,318 - selenium - INFO - Set Implicitly Wait: 3
2020-04-26 10:22:24,431 - selenium - INFO - Set Browser Max
2020-04-26 10:22:24,695 - selenium - INFO - Clear All Cookies
2020-04-26 10:22:24,696 - selenium - INFO - Open Excel
2020-04-26 10:22:24,715 - selenium - INFO - name Query Element: optradio
2020-04-26 10:22:24,715 - selenium - INFO - Get Element Attribute
2020-04-26 10:22:24,761 - selenium - INFO - Element Click
2020-04-26 10:22:24,761 - selenium - INFO - Get Element Attribute
2020-04-26 10:22:24,778 - selenium - INFO - id Query Element: buttoncheck
2020-04-26 10:22:24,811 - selenium - INFO - Element Click
2020-04-26 10:22:24,827 - selenium - INFO - class Query Element: radiobutton
2020-04-26 10:22:24,827 - selenium - INFO - Get Element Text
2020-04-26 10:22:25,073 - selenium - INFO - Screenshot Image
2020-04-26 10:22:25,081 - selenium - INFO - name Query Element: optradio
2020-04-26 10:22:25,081 - selenium - INFO - Get Element Attribute
2020-04-26 10:22:25,085 - selenium - INFO - Get Element Attribute
2020-04-26 10:22:25,124 - selenium - INFO - Element Click
2020-04-26 10:22:25,132 - selenium - INFO - id Query Element: buttoncheck
2020-04-26 10:22:25,154 - selenium - INFO - Element Click
2020-04-26 10:22:25,161 - selenium - INFO - class Query Element: radiobutton
2020-04-26 10:22:25,161 - selenium - INFO - Get Element Text
2020-04-26 10:22:25,406 - selenium - INFO - Screenshot Image
2020-04-26 10:22:28,406 - selenium - INFO - Set Sleep Time is: 3
2020-04-26 10:22:31,206 - selenium - INFO - Quit Browser
2020-04-26 10:22:31,206 - selenium - INFO - -------------------- test end --------------------
2020-04-26 10:22:33,291 - selenium - INFO - -------------------- test start --------------------
2020-04-26 10:22:33,291 - selenium - INFO - Load Web Driver Success
2020-04-26 10:22:39,143 - selenium - INFO - Set Url is: https://www.seleniumeasy.com/test/basic-select-dropdown-demo.html
2020-04-26 10:22:39,145 - selenium - INFO - Set Implicitly Wait: 3
2020-04-26 10:22:40,251 - selenium - INFO - Set Browser Max
2020-04-26 10:22:40,470 - selenium - INFO - Clear All Cookies
2020-04-26 10:22:40,471 - selenium - INFO - Open Excel
2020-04-26 10:22:40,494 - selenium - INFO - id Query Element: multi-select
2020-04-26 10:22:40,595 - selenium - INFO - Deselect All Element
2020-04-26 10:22:40,657 - selenium - INFO - Select Element Value
2020-04-26 10:22:40,669 - selenium - INFO - id Query Element: printMe
2020-04-26 10:22:40,707 - selenium - INFO - Element Click
2020-04-26 10:22:40,720 - selenium - INFO - class Query Element: getall-selected
2020-04-26 10:22:40,720 - selenium - INFO - Get Element Text
2020-04-26 10:22:40,960 - selenium - INFO - Screenshot Image
2020-04-26 10:22:40,971 - selenium - INFO - id Query Element: multi-select
2020-04-26 10:22:41,088 - selenium - INFO - Deselect All Element
2020-04-26 10:22:41,148 - selenium - INFO - Select Element Value
2020-04-26 10:22:41,156 - selenium - INFO - id Query Element: printMe
2020-04-26 10:22:41,184 - selenium - INFO - Element Click
2020-04-26 10:22:41,192 - selenium - INFO - class Query Element: getall-selected
2020-04-26 10:22:41,193 - selenium - INFO - Get Element Text
2020-04-26 10:22:41,437 - selenium - INFO - Screenshot Image
2020-04-26 10:22:41,445 - selenium - INFO - id Query Element: multi-select
2020-04-26 10:22:41,542 - selenium - INFO - Deselect All Element
2020-04-26 10:22:41,590 - selenium - INFO - Select Element Value
2020-04-26 10:22:41,598 - selenium - INFO - id Query Element: printMe
2020-04-26 10:22:41,620 - selenium - INFO - Element Click
2020-04-26 10:22:41,627 - selenium - INFO - class Query Element: getall-selected
2020-04-26 10:22:41,627 - selenium - INFO - Get Element Text
2020-04-26 10:22:41,873 - selenium - INFO - Screenshot Image
2020-04-26 10:22:41,880 - selenium - INFO - id Query Element: multi-select
2020-04-26 10:22:41,963 - selenium - INFO - Deselect All Element
2020-04-26 10:22:42,008 - selenium - INFO - Select Element Value
2020-04-26 10:22:42,016 - selenium - INFO - id Query Element: printMe
2020-04-26 10:22:42,038 - selenium - INFO - Element Click
2020-04-26 10:22:42,045 - selenium - INFO - class Query Element: getall-selected
2020-04-26 10:22:42,045 - selenium - INFO - Get Element Text
2020-04-26 10:22:42,297 - selenium - INFO - Screenshot Image
2020-04-26 10:22:42,305 - selenium - INFO - id Query Element: multi-select
2020-04-26 10:22:42,389 - selenium - INFO - Deselect All Element
2020-04-26 10:22:42,438 - selenium - INFO - Select Element Value
2020-04-26 10:22:42,447 - selenium - INFO - id Query Element: printMe
2020-04-26 10:22:42,468 - selenium - INFO - Element Click
2020-04-26 10:22:42,474 - selenium - INFO - class Query Element: getall-selected
2020-04-26 10:22:42,475 - selenium - INFO - Get Element Text
2020-04-26 10:22:42,719 - selenium - INFO - Screenshot Image
2020-04-26 10:22:42,727 - selenium - INFO - id Query Element: multi-select
2020-04-26 10:22:42,809 - selenium - INFO - Deselect All Element
2020-04-26 10:22:42,857 - selenium - INFO - Select Element Value
2020-04-26 10:22:42,865 - selenium - INFO - id Query Element: printMe
2020-04-26 10:22:42,886 - selenium - INFO - Element Click
2020-04-26 10:22:42,892 - selenium - INFO - class Query Element: getall-selected
2020-04-26 10:22:42,892 - selenium - INFO - Get Element Text
2020-04-26 10:22:43,138 - selenium - INFO - Screenshot Image
2020-04-26 10:22:43,145 - selenium - INFO - id Query Element: multi-select
2020-04-26 10:22:43,226 - selenium - INFO - Deselect All Element
2020-04-26 10:22:43,278 - selenium - INFO - Select Element Value
2020-04-26 10:22:43,287 - selenium - INFO - id Query Element: printMe
2020-04-26 10:22:43,309 - selenium - INFO - Element Click
2020-04-26 10:22:43,317 - selenium - INFO - class Query Element: getall-selected
2020-04-26 10:22:43,317 - selenium - INFO - Get Element Text
2020-04-26 10:22:43,554 - selenium - INFO - Screenshot Image
2020-04-26 10:22:43,562 - selenium - INFO - id Query Element: multi-select
2020-04-26 10:22:43,644 - selenium - INFO - Deselect All Element
2020-04-26 10:22:43,690 - selenium - INFO - Select Element Value
2020-04-26 10:22:43,697 - selenium - INFO - id Query Element: printMe
2020-04-26 10:22:43,718 - selenium - INFO - Element Click
2020-04-26 10:22:43,725 - selenium - INFO - class Query Element: getall-selected
2020-04-26 10:22:43,725 - selenium - INFO - Get Element Text
2020-04-26 10:22:43,970 - selenium - INFO - Screenshot Image
2020-04-26 10:22:46,970 - selenium - INFO - Set Sleep Time is: 3
2020-04-26 10:22:47,001 - selenium - INFO - Close Browser
2020-04-26 10:22:47,001 - selenium - INFO - -------------------- test end --------------------
2020-04-26 10:22:49,007 - selenium - INFO - -------------------- test start --------------------
2020-04-26 10:22:49,007 - selenium - INFO - Load Web Driver Success
2020-04-26 10:22:55,533 - selenium - INFO - Set Url is: https://www.seleniumeasy.com/test/basic-select-dropdown-demo.html
2020-04-26 10:22:55,534 - selenium - INFO - Set Implicitly Wait: 3
2020-04-26 10:22:56,652 - selenium - INFO - Set Browser Max
2020-04-26 10:22:57,004 - selenium - INFO - Clear All Cookies
2020-04-26 10:22:57,004 - selenium - INFO - Open Excel
2020-04-26 10:22:57,023 - selenium - INFO - id Query Element: select-demo
2020-04-26 10:22:57,084 - selenium - INFO - Select Element text
2020-04-26 10:22:57,100 - selenium - INFO - class Query Element: selected-value
2020-04-26 10:22:57,100 - selenium - INFO - Get Element Text
2020-04-26 10:22:57,357 - selenium - INFO - Screenshot Image
2020-04-26 10:22:57,365 - selenium - INFO - id Query Element: select-demo
2020-04-26 10:22:57,415 - selenium - INFO - Select Element text
2020-04-26 10:22:57,423 - selenium - INFO - class Query Element: selected-value
2020-04-26 10:22:57,424 - selenium - INFO - Get Element Text
2020-04-26 10:22:57,656 - selenium - INFO - Screenshot Image
2020-04-26 10:22:57,665 - selenium - INFO - id Query Element: select-demo
2020-04-26 10:22:57,714 - selenium - INFO - Select Element text
2020-04-26 10:22:57,722 - selenium - INFO - class Query Element: selected-value
2020-04-26 10:22:57,722 - selenium - INFO - Get Element Text
2020-04-26 10:22:57,957 - selenium - INFO - Screenshot Image
2020-04-26 10:22:57,966 - selenium - INFO - id Query Element: select-demo
2020-04-26 10:22:58,015 - selenium - INFO - Select Element text
2020-04-26 10:22:58,023 - selenium - INFO - class Query Element: selected-value
2020-04-26 10:22:58,023 - selenium - INFO - Get Element Text
2020-04-26 10:22:58,258 - selenium - INFO - Screenshot Image
2020-04-26 10:22:58,265 - selenium - INFO - id Query Element: select-demo
2020-04-26 10:22:58,313 - selenium - INFO - Select Element text
2020-04-26 10:22:58,320 - selenium - INFO - class Query Element: selected-value
2020-04-26 10:22:58,320 - selenium - INFO - Get Element Text
2020-04-26 10:22:58,557 - selenium - INFO - Screenshot Image
2020-04-26 10:22:58,564 - selenium - INFO - id Query Element: select-demo
2020-04-26 10:22:58,612 - selenium - INFO - Select Element text
2020-04-26 10:22:58,619 - selenium - INFO - class Query Element: selected-value
2020-04-26 10:22:58,619 - selenium - INFO - Get Element Text
2020-04-26 10:22:58,856 - selenium - INFO - Screenshot Image
2020-04-26 10:22:58,864 - selenium - INFO - id Query Element: select-demo
2020-04-26 10:22:58,910 - selenium - INFO - Select Element text
2020-04-26 10:22:58,918 - selenium - INFO - class Query Element: selected-value
2020-04-26 10:22:58,918 - selenium - INFO - Get Element Text
2020-04-26 10:22:59,156 - selenium - INFO - Screenshot Image
2020-04-26 10:23:02,157 - selenium - INFO - Set Sleep Time is: 3
2020-04-26 10:23:02,184 - selenium - INFO - Close Browser
2020-04-26 10:23:02,184 - selenium - INFO - -------------------- test end --------------------
2020-04-26 10:23:04,266 - selenium - INFO - -------------------- test start --------------------
2020-04-26 10:23:04,266 - selenium - INFO - Load Web Driver Success
2020-04-26 10:23:12,119 - selenium - INFO - Set Url is: https://www.seleniumeasy.com/test/basic-first-form-demo.html
2020-04-26 10:23:12,121 - selenium - INFO - Set Implicitly Wait: 3
2020-04-26 10:23:13,229 - selenium - INFO - Set Browser Max
2020-04-26 10:23:13,521 - selenium - INFO - Clear All Cookies
2020-04-26 10:23:13,522 - selenium - INFO - Open Excel
2020-04-26 10:23:13,539 - selenium - INFO - id Query Element: user-message
2020-04-26 10:23:16,539 - selenium - INFO - Set Sleep Time is: 3
2020-04-26 10:23:19,230 - selenium - INFO - Quit Browser
2020-04-26 10:23:19,230 - selenium - INFO - -------------------- test end --------------------
2020-04-26 10:23:21,299 - selenium - INFO - -------------------- test start --------------------
2020-04-26 10:23:21,299 - selenium - INFO - Load Web Driver Success
2020-04-26 10:23:28,354 - selenium - INFO - Set Url is: https://www.seleniumeasy.com/test/basic-first-form-demo.html
2020-04-26 10:23:28,356 - selenium - INFO - Set Implicitly Wait: 3
2020-04-26 10:23:29,464 - selenium - INFO - Set Browser Max
2020-04-26 10:23:29,721 - selenium - INFO - Clear All Cookies
2020-04-26 10:23:29,722 - selenium - INFO - Open Excel
2020-04-26 10:23:29,741 - selenium - INFO - id Query Element: sum1
2020-04-26 10:23:32,741 - selenium - INFO - Set Sleep Time is: 3
2020-04-26 10:23:35,288 - selenium - INFO - Quit Browser
2020-04-26 10:23:35,288 - selenium - INFO - -------------------- test end --------------------
2020-04-26 10:23:35,289 - selenium - INFO - -------------------- Send Email Start --------------------
2020-04-26 10:23:35,289 - selenium - INFO - -------------------- Found New Report --------------------
2020-04-26 10:23:35,289 - selenium - INFO - -------------------- Get New Report --------------------
2020-04-26 10:23:35,289 - selenium - INFO - -------------------- Found Send Email Content --------------------
2020-04-26 10:23:35,291 - selenium - INFO - -------------------- Get Send Email Content --------------------
2020-04-26 10:23:36,029 - selenium - INFO - -------------------- Send Email End --------------------
2020-04-26 10:30:07,409 - selenium - INFO - -------------------- test start --------------------
2020-04-26 10:30:07,409 - selenium - INFO - Load Web Driver Success
2020-04-26 10:30:17,742 - selenium - INFO - Set Url is: https://www.seleniumeasy.com/test/basic-first-form-demo.html
2020-04-26 10:30:17,746 - selenium - INFO - Set Implicitly Wait: 3
2020-04-26 10:30:18,863 - selenium - INFO - Set Browser Max
2020-04-26 10:30:19,149 - selenium - INFO - Clear All Cookies
2020-04-26 10:30:19,150 - selenium - INFO - Open Excel
2020-04-26 11:27:49,867 - selenium - INFO - id Query Element: sum1
2020-04-26 11:28:58,291 - selenium - INFO - Set Sleep Time is: 3
2020-04-26 11:29:01,024 - selenium - INFO - Quit Browser
2020-04-26 11:29:01,024 - selenium - INFO - -------------------- test end --------------------
2020-04-26 11:29:16,760 - selenium - INFO - -------------------- test start --------------------
2020-04-26 11:29:16,760 - selenium - INFO - Load Web Driver Success
2020-04-26 11:29:23,422 - selenium - INFO - Set Url is: https://www.seleniumeasy.com/test/basic-first-form-demo.html
2020-04-26 11:29:23,425 - selenium - INFO - Set Implicitly Wait: 3
2020-04-26 11:29:24,533 - selenium - INFO - Set Browser Max
2020-04-26 11:29:24,807 - selenium - INFO - Clear All Cookies
2020-04-26 11:29:24,808 - selenium - INFO - Open Excel
2020-04-26 11:30:05,742 - selenium - INFO - id Query Element: sum1
2020-04-26 13:48:31,220 - selenium - INFO - -------------------- test start --------------------
2020-04-26 13:48:31,220 - selenium - INFO - Load Web Driver Success
2020-04-26 13:49:27,835 - selenium - INFO - Set Url is: https://www.seleniumeasy.com/test/javascript-alert-box-demo.html
2020-04-26 13:49:27,841 - selenium - INFO - Set Implicitly Wait: 3
2020-04-26 13:49:27,938 - selenium - INFO - Set Browser Max
2020-04-26 13:49:27,949 - selenium - INFO - Clear All Cookies
2020-04-26 13:49:28,006 - selenium - INFO - xpath Query Element: //*[@id='easycont']/div/div[2]/div[3]/div[2]/button
2020-04-26 13:49:28,061 - selenium - INFO - Element Click
2020-04-26 13:49:28,093 - selenium - INFO - Input Alert Text: hello selenium
2020-04-26 13:49:28,105 - selenium - INFO - Alert Accept
2020-04-26 13:49:28,114 - selenium - INFO - id Query Element: prompt-demo
2020-04-26 13:49:28,114 - selenium - INFO - Get Element Text
2020-04-26 13:49:28,263 - selenium - INFO - Screenshot Image
2020-04-26 13:49:31,263 - selenium - INFO - Set Sleep Time is: 3
2020-04-26 13:49:32,680 - selenium - INFO - Quit Browser
2020-04-26 13:49:32,680 - selenium - INFO - -------------------- test end --------------------
2020-04-26 13:50:19,776 - selenium - INFO - -------------------- test start --------------------
2020-04-26 13:50:19,776 - selenium - INFO - Load Web Driver Success
2020-04-26 13:50:32,521 - selenium - INFO - Set Url is: https://www.seleniumeasy.com/test/javascript-alert-box-demo.html
2020-04-26 13:50:32,529 - selenium - INFO - Set Implicitly Wait: 3
2020-04-26 13:50:36,034 - selenium - INFO - Set Browser Max
2020-04-26 13:50:36,039 - selenium - INFO - Clear All Cookies
2020-04-26 13:50:36,047 - selenium - INFO - xpath Query Element: //*[@id='easycont']/div/div[2]/div[3]/div[2]/button
2020-04-26 13:50:36,092 - selenium - INFO - Element Click
2020-04-26 13:50:36,119 - selenium - INFO - Input Alert Text: hello selenium
2020-04-26 13:50:36,125 - selenium - INFO - Alert Accept
2020-04-26 13:50:36,138 - selenium - INFO - id Query Element: prompt-demo
2020-04-26 13:50:36,138 - selenium - INFO - Get Element Text
2020-04-26 13:50:36,197 - selenium - INFO - Screenshot Image
2020-04-26 13:50:39,197 - selenium - INFO - Set Sleep Time is: 3
2020-04-26 13:50:40,289 - selenium - INFO - Quit Browser
2020-04-26 13:50:40,289 - selenium - INFO - -------------------- test end --------------------
2020-04-26 14:22:26,865 - selenium - INFO - -------------------- test start --------------------
2020-04-26 14:22:26,865 - selenium - INFO - Load Web Driver Success
2020-04-26 14:22:38,962 - selenium - INFO - Set Url is: https://www.seleniumeasy.com/test/javascript-alert-box-demo.html
2020-04-26 14:22:38,969 - selenium - INFO - Set Implicitly Wait: 3
2020-04-26 14:22:42,473 - selenium - INFO - Set Browser Max
2020-04-26 14:22:42,478 - selenium - INFO - Clear All Cookies
2020-04-26 14:22:42,485 - selenium - INFO - xpath Query Element: //*[@id='easycont']/div/div[2]/div[2]/div[2]/button
2020-04-26 14:22:42,517 - selenium - INFO - Element Click
2020-04-26 14:22:42,525 - selenium - INFO - Alert Accept
2020-04-26 14:22:42,538 - selenium - INFO - id Query Element: confirm-demo
2020-04-26 14:22:42,538 - selenium - INFO - Get Element Text
2020-04-26 14:22:42,606 - selenium - INFO - Screenshot Image
2020-04-26 14:22:42,611 - selenium - INFO - xpath Query Element: //*[@id='easycont']/div/div[2]/div[2]/div[2]/button
2020-04-26 14:22:42,630 - selenium - INFO - Element Click
2020-04-26 14:22:42,640 - selenium - INFO - Alert Dismiss
2020-04-26 14:22:42,647 - selenium - INFO - id Query Element: confirm-demo
2020-04-26 14:22:42,647 - selenium - INFO - Get Element Text
2020-04-26 14:22:42,704 - selenium - INFO - Screenshot Image
2020-04-26 14:22:45,704 - selenium - INFO - Set Sleep Time is: 3
2020-04-26 14:22:46,918 - selenium - INFO - Quit Browser
2020-04-26 14:22:46,918 - selenium - INFO - -------------------- test end --------------------
2020-04-26 14:33:07,066 - selenium - INFO - -------------------- test start --------------------
2020-04-26 14:33:07,066 - selenium - INFO - Load Web Driver Success
2020-04-26 14:33:43,498 - selenium - INFO - Set Url is: https://www.seleniumeasy.com/test/javascript-alert-box-demo.html
2020-04-26 14:33:43,505 - selenium - INFO - Set Implicitly Wait: 3
2020-04-26 14:33:47,014 - selenium - INFO - Set Browser Max
2020-04-26 14:33:47,020 - selenium - INFO - Clear All Cookies
2020-04-26 14:33:47,028 - selenium - INFO - xpath Query Element: //*[@id='easycont']/div/div[2]/div[2]/div[2]/button
2020-04-26 14:33:47,057 - selenium - INFO - Element Click
2020-04-26 14:33:47,066 - selenium - INFO - Alert Accept
2020-04-26 14:33:47,075 - selenium - INFO - id Query Element: confirm-demo
2020-04-26 14:33:47,075 - selenium - INFO - Get Element Text
2020-04-26 14:33:47,140 - selenium - INFO - Screenshot Image
2020-04-26 14:33:47,148 - selenium - INFO - xpath Query Element: //*[@id='easycont']/div/div[2]/div[2]/div[2]/button
2020-04-26 14:33:47,171 - selenium - INFO - Element Click
2020-04-26 14:33:47,177 - selenium - INFO - Alert Dismiss
2020-04-26 14:33:47,186 - selenium - INFO - id Query Element: confirm-demo
2020-04-26 14:33:47,186 - selenium - INFO - Get Element Text
2020-04-26 14:33:47,239 - selenium - INFO - Screenshot Image
2020-04-26 14:33:50,240 - selenium - INFO - Set Sleep Time is: 3
2020-04-26 14:33:51,342 - selenium - INFO - Quit Browser
2020-04-26 14:33:51,343 - selenium - INFO - -------------------- test end --------------------
2020-04-26 14:45:04,335 - selenium - INFO - -------------------- test start --------------------
2020-04-26 14:45:04,335 - selenium - INFO - Load Web Driver Success
2020-04-26 14:46:48,769 - selenium - INFO - Set Url is: https://www.seleniumeasy.com/test/javascript-alert-box-demo.html
2020-04-26 14:46:48,774 - selenium - INFO - Set Implicitly Wait: 3
2020-04-26 14:46:52,283 - selenium - INFO - Set Browser Max
2020-04-26 14:46:52,288 - selenium - INFO - Clear All Cookies
2020-04-26 14:46:52,296 - selenium - INFO - xpath Query Element: //*[@id='easycont']/div/div[2]/div[2]/div[2]/button
2020-04-26 14:46:52,338 - selenium - INFO - Element Click
2020-04-26 14:46:52,346 - selenium - INFO - Alert Accept
2020-04-26 14:46:52,359 - selenium - INFO - id Query Element: confirm-demo
2020-04-26 14:46:52,359 - selenium - INFO - Get Element Text
2020-04-26 14:46:52,433 - selenium - INFO - Screenshot Image
2020-04-26 14:46:52,439 - selenium - INFO - xpath Query Element: //*[@id='easycont']/div/div[2]/div[2]/div[2]/button
2020-04-26 14:46:52,452 - selenium - INFO - Element Click
2020-04-26 14:46:52,457 - selenium - INFO - Alert Dismiss
2020-04-26 14:46:52,465 - selenium - INFO - id Query Element: confirm-demo
2020-04-26 14:46:52,465 - selenium - INFO - Get Element Text
2020-04-26 14:46:52,524 - selenium - INFO - Screenshot Image
2020-04-26 14:46:55,524 - selenium - INFO - Set Sleep Time is: 3
2020-04-26 14:46:56,525 - selenium - INFO - Quit Browser
2020-04-26 14:46:56,525 - selenium - INFO - -------------------- test end --------------------
2020-04-26 14:50:38,951 - selenium - INFO - -------------------- test start --------------------
2020-04-26 14:50:38,952 - selenium - INFO - Load Web Driver Success
2020-04-26 14:50:50,680 - selenium - INFO - Set Url is: https://www.seleniumeasy.com/test/javascript-alert-box-demo.html
2020-04-26 14:50:50,688 - selenium - INFO - Set Implicitly Wait: 3
2020-04-26 14:50:54,201 - selenium - INFO - Set Browser Max
2020-04-26 14:50:54,206 - selenium - INFO - Clear All Cookies
2020-04-26 14:50:54,215 - selenium - INFO - xpath Query Element: //*[@id='easycont']/div/div[2]/div[2]/div[2]/button
2020-04-26 14:50:54,247 - selenium - INFO - Element Click
2020-04-26 14:50:54,260 - selenium - INFO - Alert Accept
2020-04-26 14:50:54,275 - selenium - INFO - id Query Element: confirm-demo
2020-04-26 14:50:54,275 - selenium - INFO - Get Element Text
2020-04-26 14:50:54,342 - selenium - INFO - Screenshot Image
2020-04-26 14:50:54,347 - selenium - INFO - xpath Query Element: //*[@id='easycont']/div/div[2]/div[2]/div[2]/button
2020-04-26 14:50:54,362 - selenium - INFO - Element Click
2020-04-26 14:50:54,371 - selenium - INFO - Alert Dismiss
2020-04-26 14:50:54,379 - selenium - INFO - id Query Element: confirm-demo
2020-04-26 14:50:54,379 - selenium - INFO - Get Element Text
2020-04-26 14:50:54,440 - selenium - INFO - Screenshot Image
2020-04-26 14:50:57,440 - selenium - INFO - Set Sleep Time is: 3
2020-04-26 14:50:58,710 - selenium - INFO - Quit Browser
2020-04-26 14:50:58,710 - selenium - INFO - -------------------- test end --------------------
2020-04-26 14:58:48,817 - selenium - INFO - -------------------- test start --------------------
2020-04-26 14:58:48,817 - selenium - INFO - Load Web Driver Success
2020-04-26 14:59:05,962 - selenium - INFO - Set Url is: https://www.seleniumeasy.com/test/javascript-alert-box-demo.html
2020-04-26 14:59:05,971 - selenium - INFO - Set Implicitly Wait: 3
2020-04-26 14:59:09,482 - selenium - INFO - Set Browser Max
2020-04-26 14:59:09,486 - selenium - INFO - Clear All Cookies
2020-04-26 14:59:09,496 - selenium - INFO - xpath Query Element: //*[@id='easycont']/div/div[2]/div[2]/div[2]/button
2020-04-26 14:59:09,533 - selenium - INFO - Element Click
2020-04-26 14:59:09,540 - selenium - INFO - Alert Accept
2020-04-26 14:59:09,556 - selenium - INFO - id Query Element: confirm-demo
2020-04-26 14:59:09,556 - selenium - INFO - Get Element Text
2020-04-26 14:59:09,632 - selenium - INFO - Screenshot Image
2020-04-26 14:59:09,639 - selenium - INFO - xpath Query Element: //*[@id='easycont']/div/div[2]/div[2]/div[2]/button
2020-04-26 14:59:09,658 - selenium - INFO - Element Click
2020-04-26 14:59:09,666 - selenium - INFO - Alert Dismiss
2020-04-26 14:59:09,672 - selenium - INFO - id Query Element: confirm-demo
2020-04-26 14:59:09,672 - selenium - INFO - Get Element Text
2020-04-26 14:59:09,728 - selenium - INFO - Screenshot Image
2020-04-26 14:59:12,728 - selenium - INFO - Set Sleep Time is: 3
2020-04-26 14:59:14,016 - selenium - INFO - Quit Browser
2020-04-26 14:59:14,017 - selenium - INFO - -------------------- test end --------------------
2020-04-26 15:00:46,800 - selenium - INFO - -------------------- test start --------------------
2020-04-26 15:00:46,801 - selenium - INFO - Load Web Driver Success
2020-04-26 15:01:06,042 - selenium - INFO - Set Url is: https://www.seleniumeasy.com/test/javascript-alert-box-demo.html
2020-04-26 15:01:06,049 - selenium - INFO - Set Implicitly Wait: 3
2020-04-26 15:01:09,561 - selenium - INFO - Set Browser Max
2020-04-26 15:01:09,565 - selenium - INFO - Clear All Cookies
2020-04-26 15:01:09,574 - selenium - INFO - xpath Query Element: //*[@id='easycont']/div/div[2]/div[2]/div[2]/button
2020-04-26 15:01:09,605 - selenium - INFO - Element Click
2020-04-26 15:01:09,613 - selenium - INFO - Alert Accept
2020-04-26 15:01:09,630 - selenium - INFO - id Query Element: confirm-demo
2020-04-26 15:01:09,630 - selenium - INFO - Get Element Text
2020-04-26 15:01:09,696 - selenium - INFO - Screenshot Image
2020-04-26 15:01:09,704 - selenium - INFO - xpath Query Element: //*[@id='easycont']/div/div[2]/div[2]/div[2]/button
2020-04-26 15:01:09,718 - selenium - INFO - Element Click
2020-04-26 15:01:09,724 - selenium - INFO - Alert Dismiss
2020-04-26 15:01:09,730 - selenium - INFO - id Query Element: confirm-demo
2020-04-26 15:01:09,731 - selenium - INFO - Get Element Text
2020-04-26 15:01:09,785 - selenium - INFO - Screenshot Image
2020-04-26 15:01:12,785 - selenium - INFO - Set Sleep Time is: 3
2020-04-26 15:01:14,001 - selenium - INFO - Quit Browser
2020-04-26 15:01:14,001 - selenium - INFO - -------------------- test end --------------------
2020-04-26 15:01:59,642 - selenium - INFO - -------------------- test start --------------------
2020-04-26 15:01:59,643 - selenium - INFO - Load Web Driver Success
2020-04-26 15:02:17,412 - selenium - INFO - Set Url is: https://www.seleniumeasy.com/test/javascript-alert-box-demo.html
2020-04-26 15:02:17,424 - selenium - INFO - Set Implicitly Wait: 3
2020-04-26 15:02:20,935 - selenium - INFO - Set Browser Max
2020-04-26 15:02:20,940 - selenium - INFO - Clear All Cookies
2020-04-26 15:02:20,947 - selenium - INFO - xpath Query Element: //*[@id='easycont']/div/div[2]/div[2]/div[2]/button
2020-04-26 15:02:20,977 - selenium - INFO - Element Click
2020-04-26 15:02:20,988 - selenium - INFO - Alert Accept
2020-04-26 15:02:20,995 - selenium - INFO - id Query Element: confirm-demo
2020-04-26 15:02:20,995 - selenium - INFO - Get Element Text
2020-04-26 15:02:21,056 - selenium - INFO - Screenshot Image
2020-04-26 15:02:21,061 - selenium - INFO - xpath Query Element: //*[@id='easycont']/div/div[2]/div[2]/div[2]/button
2020-04-26 15:02:21,076 - selenium - INFO - Element Click
2020-04-26 15:02:21,085 - selenium - INFO - Alert Dismiss
2020-04-26 15:02:21,092 - selenium - INFO - id Query Element: confirm-demo
2020-04-26 15:02:21,092 - selenium - INFO - Get Element Text
2020-04-26 15:02:21,150 - selenium - INFO - Screenshot Image
2020-04-26 15:02:24,151 - selenium - INFO - Set Sleep Time is: 3
2020-04-26 15:02:25,261 - selenium - INFO - Quit Browser
2020-04-26 15:02:25,261 - selenium - INFO - -------------------- test end --------------------
2020-04-26 15:29:10,311 - selenium - INFO - -------------------- test start --------------------
2020-04-26 15:29:10,312 - selenium - INFO - Load Web Driver Success
2020-04-26 15:29:21,296 - selenium - INFO - Set Url is: https://www.seleniumeasy.com/test/javascript-alert-box-demo.html
2020-04-26 15:29:21,301 - selenium - INFO - Set Implicitly Wait: 3
2020-04-26 15:29:24,807 - selenium - INFO - Set Browser Max
2020-04-26 15:29:24,812 - selenium - INFO - Clear All Cookies
2020-04-26 15:29:24,820 - selenium - INFO - xpath Query Element: //*[@id='easycont']/div/div[2]/div[3]/div[2]/button
2020-04-26 15:29:24,853 - selenium - INFO - Element Click
2020-04-26 15:29:24,877 - selenium - INFO - Input Alert Text: hello selenium
2020-04-26 15:29:24,884 - selenium - INFO - Alert Accept
2020-04-26 15:29:24,900 - selenium - INFO - id Query Element: prompt-demo
2020-04-26 15:29:24,900 - selenium - INFO - Get Element Text
2020-04-26 15:29:24,961 - selenium - INFO - Screenshot Image
2020-04-26 15:29:27,961 - selenium - INFO - Set Sleep Time is: 3
2020-04-26 15:29:29,068 - selenium - INFO - Quit Browser
2020-04-26 15:29:29,068 - selenium - INFO - -------------------- test end --------------------
2020-04-26 16:38:03,780 - selenium - INFO - -------------------- test start --------------------
2020-04-26 16:38:03,780 - selenium - INFO - Load Web Driver Success
2020-04-26 16:38:05,939 - selenium - INFO - -------------------- test start --------------------
2020-04-26 16:38:05,939 - selenium - INFO - Load Web Driver Success
2020-04-26 16:39:38,916 - selenium - INFO - Set Url is: https://www.seleniumeasy.com/test/javascript-alert-box-demo.html
2020-04-26 16:39:38,921 - selenium - INFO - Set Implicitly Wait: 3
2020-04-26 16:39:40,032 - selenium - INFO - Set Browser Max
2020-04-26 16:39:40,271 - selenium - INFO - Clear All Cookies
2020-04-26 16:39:40,284 - selenium - INFO - xpath Query Element: //*[@id='easycont']/div/div[2]/div[3]/div[2]/button
2020-04-26 16:39:40,328 - selenium - INFO - Element Click
2020-04-26 16:39:40,330 - selenium - INFO - Input Alert Text: hello selenium
2020-04-26 16:39:40,333 - selenium - INFO - Alert Accept
2020-04-26 16:39:40,351 - selenium - INFO - id Query Element: prompt-demo
2020-04-26 16:39:40,351 - selenium - INFO - Get Element Text
2020-04-26 16:39:40,590 - selenium - INFO - Screenshot Image
2020-04-26 16:39:43,590 - selenium - INFO - Set Sleep Time is: 3
2020-04-26 16:39:46,217 - selenium - INFO - Quit Browser
2020-04-26 16:39:46,217 - selenium - INFO - -------------------- test end --------------------
2020-04-26 16:41:28,518 - selenium - INFO - -------------------- test start --------------------
2020-04-26 16:41:28,518 - selenium - INFO - Load Web Driver Success
2020-04-26 16:41:30,798 - selenium - INFO - -------------------- test start --------------------
2020-04-26 16:41:30,798 - selenium - INFO - Load Web Driver Success
2020-04-26 16:42:03,537 - selenium - INFO - Set Url is: https://www.seleniumeasy.com/test/javascript-alert-box-demo.html
2020-04-26 16:42:03,541 - selenium - INFO - Set Implicitly Wait: 3
2020-04-26 16:42:04,658 - selenium - INFO - Set Browser Max
2020-04-26 16:42:05,001 - selenium - INFO - Clear All Cookies
2020-04-26 16:42:05,014 - selenium - INFO - xpath Query Element: //*[@id='easycont']/div/div[2]/div[3]/div[2]/button
2020-04-26 16:42:05,068 - selenium - INFO - Element Click
2020-04-26 16:42:05,072 - selenium - INFO - Input Alert Text: hello selenium
2020-04-26 16:42:05,080 - selenium - INFO - Alert Accept
2020-04-26 16:42:05,103 - selenium - INFO - id Query Element: prompt-demo
2020-04-26 16:42:05,103 - selenium - INFO - Get Element Text
2020-04-26 16:42:05,586 - selenium - INFO - Screenshot Image
2020-04-26 16:42:08,587 - selenium - INFO - Set Sleep Time is: 3
2020-04-26 16:42:11,228 - selenium - INFO - Quit Browser
2020-04-26 16:42:11,228 - selenium - INFO - -------------------- test end --------------------
2020-04-26 16:46:36,193 - selenium - INFO - -------------------- test start --------------------
2020-04-26 16:46:36,194 - selenium - INFO - Load Web Driver Success
2020-04-26 16:46:38,669 - selenium - INFO - -------------------- test start --------------------
2020-04-26 16:46:38,669 - selenium - INFO - Load Web Driver Success
2020-04-26 16:46:45,670 - selenium - INFO - -------------------- test start --------------------
2020-04-26 16:46:45,670 - selenium - INFO - Load Web Driver Success
2020-04-26 16:46:48,188 - selenium - INFO - -------------------- test start --------------------
2020-04-26 16:46:48,188 - selenium - INFO - Load Web Driver Success
2020-04-26 16:46:54,376 - selenium - INFO - Set Url is: https://www.seleniumeasy.com/test/javascript-alert-box-demo.html
2020-04-26 16:46:54,381 - selenium - INFO - Set Implicitly Wait: 3
2020-04-26 16:46:55,560 - selenium - INFO - Set Browser Max
2020-04-26 16:46:55,892 - selenium - INFO - Clear All Cookies
2020-04-26 16:46:55,905 - selenium - INFO - xpath Query Element: //*[@id='easycont']/div/div[2]/div[3]/div[2]/button
2020-04-26 16:46:55,952 - selenium - INFO - Element Click
2020-04-26 16:46:55,955 - selenium - INFO - Input Alert Text: hello selenium
2020-04-26 16:46:55,963 - selenium - INFO - Alert Accept
2020-04-26 16:46:55,982 - selenium - INFO - id Query Element: prompt-demo
2020-04-26 16:46:55,982 - selenium - INFO - Get Element Text
2020-04-26 16:46:56,530 - selenium - INFO - Screenshot Image
2020-04-26 16:46:59,530 - selenium - INFO - Set Sleep Time is: 3
2020-04-26 16:47:02,069 - selenium - INFO - Quit Browser
2020-04-26 16:47:02,069 - selenium - INFO - -------------------- test end --------------------
2020-04-26 16:49:24,422 - selenium - INFO - -------------------- test start --------------------
2020-04-26 16:49:24,423 - selenium - INFO - Load Web Driver Success
2020-04-26 16:49:26,645 - selenium - INFO - -------------------- test start --------------------
2020-04-26 16:49:26,645 - selenium - INFO - Load Web Driver Success
2020-04-26 16:49:34,003 - selenium - INFO - -------------------- test start --------------------
2020-04-26 16:49:34,003 - selenium - INFO - Load Web Driver Success
2020-04-26 16:49:36,125 - selenium - INFO - -------------------- test start --------------------
2020-04-26 16:49:36,125 - selenium - INFO - Load Web Driver Success
2020-04-26 16:50:02,731 - selenium - INFO - Set Url is: https://www.seleniumeasy.com/test/javascript-alert-box-demo.html
2020-04-26 16:50:02,734 - selenium - INFO - Set Implicitly Wait: 3
2020-04-26 16:50:03,052 - selenium - INFO - Clear All Cookies
2020-04-26 16:50:03,065 - selenium - INFO - xpath Query Element: //*[@id='easycont']/div/div[2]/div[3]/div[2]/button
2020-04-26 16:50:03,115 - selenium - INFO - Element Click
2020-04-26 16:50:03,119 - selenium - INFO - Input Alert Text: hello selenium
2020-04-26 16:50:03,132 - selenium - INFO - Alert Accept
2020-04-26 16:50:03,149 - selenium - INFO - id Query Element: prompt-demo
2020-04-26 16:50:03,149 - selenium - INFO - Get Element Text
2020-04-26 16:50:03,509 - selenium - INFO - Screenshot Image
2020-04-26 16:50:06,509 - selenium - INFO - Set Sleep Time is: 3
2020-04-26 16:50:09,190 - selenium - INFO - Quit Browser
2020-04-26 16:50:09,190 - selenium - INFO - -------------------- test end --------------------
2020-04-26 16:58:09,972 - selenium - INFO - -------------------- test start --------------------
2020-04-26 16:58:09,973 - selenium - INFO - Load Web Driver Success
2020-04-26 16:58:27,585 - selenium - INFO - -------------------- test start --------------------
2020-04-26 16:58:27,585 - selenium - INFO - Load Web Driver Success
2020-04-26 16:59:33,431 - selenium - INFO - -------------------- test start --------------------
2020-04-26 16:59:33,432 - selenium - INFO - Load Web Driver Success
2020-04-26 17:00:34,296 - selenium - INFO - -------------------- test start --------------------
2020-04-26 17:00:34,296 - selenium - INFO - Load Web Driver Success
2020-04-26 17:00:39,837 - selenium - INFO - -------------------- test start --------------------
2020-04-26 17:00:39,837 - selenium - INFO - Load Web Driver Success
2020-04-26 17:02:46,242 - selenium - INFO - -------------------- test start --------------------
2020-04-26 17:02:46,242 - selenium - INFO - Load Web Driver Success
2020-04-26 17:05:36,208 - selenium - INFO - -------------------- test start --------------------
2020-04-26 17:05:36,209 - selenium - INFO - Load Web Driver Success
2020-04-26 17:06:48,124 - selenium - INFO - -------------------- test start --------------------
2020-04-26 17:06:48,124 - selenium - INFO - Load Web Driver Success
2020-04-26 17:07:00,287 - selenium - INFO - Set Url is: https://www.seleniumeasy.com/test/javascript-alert-box-demo.html
2020-04-26 17:07:00,289 - selenium - INFO - Set Implicitly Wait: 3
2020-04-26 17:07:01,398 - selenium - INFO - Set Browser Max
2020-04-26 17:07:01,703 - selenium - INFO - Clear All Cookies
2020-04-26 17:07:01,717 - selenium - INFO - xpath Query Element: //*[@id='easycont']/div/div[2]/div[2]/div[2]/button
2020-04-26 17:07:01,759 - selenium - INFO - Element Click
2020-04-26 17:07:01,762 - selenium - INFO - Alert Accept
2020-04-26 17:07:01,785 - selenium - INFO - id Query Element: confirm-demo
2020-04-26 17:07:01,785 - selenium - INFO - Get Element Text
2020-04-26 17:07:02,048 - selenium - INFO - Screenshot Image
2020-04-26 17:07:02,057 - selenium - INFO - xpath Query Element: //*[@id='easycont']/div/div[2]/div[2]/div[2]/button
2020-04-26 17:07:02,080 - selenium - INFO - Element Click
2020-04-26 17:07:02,084 - selenium - INFO - Alert Dismiss
2020-04-26 17:07:02,092 - selenium - INFO - id Query Element: confirm-demo
2020-04-26 17:07:02,093 - selenium - INFO - Get Element Text
2020-04-26 17:07:02,345 - selenium - INFO - Screenshot Image
2020-04-26 17:07:05,345 - selenium - INFO - Set Sleep Time is: 3
2020-04-26 17:07:07,954 - selenium - INFO - Quit Browser
2020-04-26 17:07:07,954 - selenium - INFO - -------------------- test end --------------------
2020-04-26 17:08:36,888 - selenium - INFO - -------------------- test start --------------------
2020-04-26 17:08:36,889 - selenium - INFO - Load Web Driver Success
2020-04-26 17:08:51,763 - selenium - INFO - Set Url is: https://www.seleniumeasy.com/test/javascript-alert-box-demo.html
2020-04-26 17:08:51,765 - selenium - INFO - Set Implicitly Wait: 3
2020-04-26 17:08:52,869 - selenium - INFO - Set Browser Max
2020-04-26 17:08:53,145 - selenium - INFO - Clear All Cookies
2020-04-26 17:08:53,158 - selenium - INFO - xpath Query Element: //*[@id='easycont']/div/div[2]/div[2]/div[2]/button
2020-04-26 17:08:53,203 - selenium - INFO - Element Click
2020-04-26 17:08:53,206 - selenium - INFO - Alert Accept
2020-04-26 17:08:53,221 - selenium - INFO - id Query Element: confirm-demo
2020-04-26 17:08:53,221 - selenium - INFO - Get Element Text
2020-04-26 17:08:53,457 - selenium - INFO - Screenshot Image
2020-04-26 17:08:53,466 - selenium - INFO - xpath Query Element: //*[@id='easycont']/div/div[2]/div[2]/div[2]/button
2020-04-26 17:08:53,488 - selenium - INFO - Element Click
2020-04-26 17:08:53,492 - selenium - INFO - Alert Dismiss
2020-04-26 17:08:53,500 - selenium - INFO - id Query Element: confirm-demo
2020-04-26 17:08:53,501 - selenium - INFO - Get Element Text
2020-04-26 17:08:53,741 - selenium - INFO - Screenshot Image
2020-04-26 17:08:56,741 - selenium - INFO - Set Sleep Time is: 3
2020-04-26 17:08:59,297 - selenium - INFO - Quit Browser
2020-04-26 17:08:59,297 - selenium - INFO - -------------------- test end --------------------
